TN:
SF:/src/lib/openzeppelin-contracts/contracts/utils/ReentrancyGuard.sol
DA:1,0
DA:37,2
DA:50,2
DA:51,2
DA:59,22
DA:70,8
DA:72,8
DA:88,2
DA:89,8
DA:90,0
DA:94,2
DA:96,4
DA:99,14
DA:102,2
DA:105,14
DA:112,4
DA:113,14
DA:116,8
DA:117,8
end_of_record

SF:/src/lib/openzeppelin-contracts/contracts/utils/StorageSlot.sol
DA:34,0
DA:93,12
DA:95,6
end_of_record

SF:/src/src/AeternumVault.sol
DA:53,110
DA:59,1
DA:62,1
DA:65,1
DA:68,1
DA:75,33
DA:79,1
DA:83,0
DA:121,0
DA:122,0
DA:129,33
DA:142,31
DA:143,10
DA:144,21
DA:168,24
DA:172,3
DA:174,48
DA:175,34
DA:176,23
DA:177,0
DA:179,6
DA:180,0
DA:183,4
DA:184,4
DA:186,23
DA:187,6
DA:188,6
DA:189,0
DA:191,2
DA:192,9
DA:195,6
DA:196,0
DA:200,11
DA:204,246
DA:205,1
DA:206,1
DA:207,1
DA:208,1
DA:209,1
DA:210,1
DA:211,1
DA:212,1
DA:213,1
DA:216,50
DA:217,27
DA:219,19
DA:222,25
DA:223,7
DA:224,20
DA:235,0
DA:236,0
DA:239,0
DA:240,0
DA:242,0
DA:243,0
DA:252,0
DA:253,0
DA:254,0
DA:257,0
DA:260,0
DA:261,0
DA:263,0
DA:264,0
DA:267,0
DA:268,0
DA:282,0
DA:283,0
DA:284,0
DA:286,0
DA:287,0
DA:290,0
DA:291,0
DA:293,0
DA:294,0
DA:297,0
DA:298,0
DA:307,0
DA:308,0
DA:309,0
DA:319,0
DA:320,0
DA:321,0
DA:324,0
DA:325,0
DA:327,0
DA:328,0
DA:341,0
DA:342,0
DA:344,0
DA:346,0
DA:348,0
DA:349,0
DA:352,0
DA:353,0
DA:355,0
DA:356,0
DA:369,0
DA:370,0
DA:372,0
DA:375,0
DA:376,0
DA:379,0
DA:380,0
DA:381,0
DA:382,0
DA:384,0
DA:385,0
DA:395,0
DA:396,0
DA:397,0
DA:400,0
DA:401,0
DA:402,0
DA:404,0
DA:407,0
DA:408,0
DA:409,0
DA:433,0
DA:437,0
DA:438,0
DA:439,0
DA:440,0
DA:442,0
DA:443,0
DA:445,0
DA:446,0
DA:450,0
DA:451,0
DA:454,0
DA:457,0
DA:458,0
DA:461,0
DA:462,0
DA:465,0
DA:466,0
DA:468,0
DA:469,0
DA:470,0
DA:472,0
DA:473,0
DA:474,0
DA:476,0
DA:478,0
DA:483,0
DA:487,0
DA:490,0
DA:492,0
DA:493,0
DA:517,30
DA:521,2
DA:522,14
DA:524,5
DA:525,6
DA:527,15
DA:528,19
DA:530,5
DA:546,12
DA:547,0
DA:548,0
DA:551,0
DA:553,0
DA:556,0
DA:557,0
DA:569,0
DA:570,0
DA:572,0
DA:573,0
DA:575,0
DA:584,46
DA:585,32
DA:590,0
DA:591,0
DA:600,0
DA:601,0
DA:602,0
DA:610,0
DA:611,0
DA:612,0
DA:614,0
DA:615,0
DA:616,0
DA:620,0
DA:621,0
DA:625,0
DA:626,0
DA:630,0
DA:631,0
DA:639,0
DA:640,0
DA:641,0
DA:642,0
DA:644,0
DA:645,0
DA:646,0
DA:648,0
DA:651,0
DA:694,4
DA:695,21
DA:698,18
DA:699,0
DA:700,0
DA:702,0
DA:703,0
DA:706,0
DA:708,0
DA:712,0
DA:713,0
DA:714,0
DA:715,0
DA:719,0
DA:721,0
DA:724,0
DA:726,0
DA:727,0
DA:728,0
DA:729,0
DA:733,0
DA:734,0
DA:735,0
DA:736,0
DA:737,0
DA:740,0
DA:759,0
DA:760,0
DA:761,0
DA:763,0
DA:764,0
DA:766,0
DA:768,0
DA:769,0
DA:770,0
DA:773,0
DA:774,0
DA:786,0
end_of_record

SF:/src/src/interfaces/AutomationCompatibleInterface.sol
end_of_record

SF:/src/src/interfaces/IAeternumVault.sol
end_of_record

SF:/src/test/echidna/AeternumVaultEchidna.sol
DA:39,154
DA:47,1
DA:48,1
DA:49,1
DA:50,1
DA:53,1
DA:54,1
DA:55,1
DA:58,1
DA:59,1
DA:66,49
DA:74,8
DA:75,21
DA:76,21
DA:77,4
DA:81,6
DA:82,78
DA:94,25
DA:95,11
DA:96,9
DA:98,67
DA:99,1
DA:101,1
DA:108,26
DA:109,11
DA:110,9
DA:112,72
DA:114,74
DA:115,1
DA:117,1
DA:125,24
DA:126,9
DA:127,10
DA:129,0
DA:131,0
DA:138,35
DA:139,9
DA:140,10
DA:142,0
DA:143,0
DA:145,0
DA:146,0
DA:148,0
DA:154,34
DA:155,9
DA:156,10
DA:158,0
DA:164,34
DA:165,9
DA:166,10
DA:168,0
DA:174,35
DA:175,9
DA:176,10
DA:179,0
DA:180,0
DA:182,0
DA:188,34
DA:189,9
DA:190,10
DA:192,0
DA:198,23
DA:199,9
DA:200,10
DA:202,0
DA:204,0
DA:211,35
DA:212,9
DA:214,50
DA:215,26
DA:217,86
DA:223,19
DA:224,55
DA:236,0
DA:237,0
DA:238,0
DA:240,0
DA:241,0
DA:242,0
DA:245,0
DA:252,0
DA:253,0
DA:260,0
DA:261,0
DA:262,0
DA:264,0
DA:265,0
DA:266,0
DA:269,0
DA:277,0
DA:278,0
DA:279,0
DA:281,0
DA:282,0
DA:283,0
DA:286,0
DA:293,0
DA:294,0
DA:295,0
DA:296,0
DA:303,0
DA:304,0
DA:306,0
DA:307,0
DA:308,0
DA:309,0
DA:312,0
DA:320,0
DA:321,0
DA:322,0
DA:324,0
DA:325,0
DA:326,0
DA:327,0
DA:329,0
DA:336,0
DA:337,0
DA:338,0
DA:340,0
DA:341,0
DA:342,0
DA:343,0
DA:344,0
DA:347,0
DA:355,0
DA:356,0
DA:358,0
DA:359,0
DA:360,0
DA:361,0
DA:364,0
DA:371,0
DA:372,0
DA:380,0
DA:381,0
DA:383,0
DA:384,0
DA:385,0
DA:386,0
DA:387,0
DA:388,0
DA:390,0
DA:393,0
DA:400,0
DA:401,0
DA:402,0
DA:404,0
DA:405,0
DA:406,0
DA:407,0
DA:409,0
DA:417,0
DA:418,0
DA:419,0
DA:421,0
DA:422,0
DA:423,0
DA:425,0
DA:438,0
DA:439,0
DA:440,0
DA:442,0
DA:444,0
DA:445,0
DA:448,0
DA:456,0
DA:457,0
DA:458,0
DA:459,0
end_of_record

